app/build/outputs/logs/manifest-merger-release-report.txt
-- Merging decision tree log ---
manifest
ADDED from src\main\AndroidManifest.xml:2:1-226:12
INJECTED from src\main\AndroidManifest.xml:2:1-226:12
INJECTED from src\main\AndroidManifest.xml:2:1-226:12
INJECTED from src\main\AndroidManifest.xml:2:1-226:12
MERGED from [com.android.support:support-v4:28.0.0] AndroidManifest.xml:17:1-22:12
MERGED from [com.tencent.xinge:xinge:3.2.7-Release] AndroidManifest.xml:2:1-110:12
MERGED from [com.tencent.jg:jg:1.1] AndroidManifest.xml:2:1-11:12
MERGED from [com.tencent.wup:wup:1.0.0.E-release] AndroidManifest.xml:2:1-17:12
MERGED from [com.tencent.mid:mid:4.0.6-release] AndroidManifest.xml:2:1-19:12
MERGED from [com.tencent.xinge:xghw:3.2.8-Release] AndroidManifest.xml:2:1-58:12
MERGED from [com.tencent.xinge:mipush:3.2.8-release] AndroidManifest.xml:2:1-70:12
MERGED from [com.tencent.xinge:xgmz:3.2.8-release] AndroidManifest.xml:2:1-63:12
MERGED from [com.android.support:support-media-compat:28.0.0] AndroidManifest.xml:17:1-22:12
MERGED from [com.android.support:support-fragment:28.0.0] AndroidManifest.xml:17:1-22:12
MERGED from [com.android.support:support-core-ui:28.0.0] AndroidManifest.xml:17:1-22:12
MERGED from [com.android.support:support-core-utils:28.0.0] AndroidManifest.xml:17:1-22:12
MERGED from [com.android.support:loader:28.0.0] AndroidManifest.xml:17:1-22:12
MERGED from [com.android.support:viewpager:28.0.0] AndroidManifest.xml:17:1-22:12
MERGED from [com.android.support:coordinatorlayout:28.0.0] AndroidManifest.xml:17:1-22:12
MERGED from [com.android.support:drawerlayout:28.0.0] AndroidManifest.xml:17:1-22:12
MERGED from [com.android.support:slidingpanelayout:28.0.0] AndroidManifest.xml:17:1-22:12
MERGED from [com.android.support:customview:28.0.0] AndroidManifest.xml:17:1-22:12
MERGED from [com.android.support:swiperefreshlayout:28.0.0] AndroidManifest.xml:17:1-22:12
MERGED from [com.android.support:asynclayoutinflater:28.0.0] AndroidManifest.xml:17:1-22:12
MERGED from [com.android.support:support-compat:28.0.0] AndroidManifest.xml:17:1-24:12
MERGED from [com.android.support:versionedparcelable:28.0.0] AndroidManifest.xml:17:1-25:12
MERGED from [android.arch.lifecycle:runtime:1.1.1] AndroidManifest.xml:17:1-22:12
MERGED from [com.android.support:documentfile:28.0.0] AndroidManifest.xml:17:1-22:12
MERGED from [com.android.support:localbroadcastmanager:28.0.0] AndroidManifest.xml:17:1-22:12
MERGED from [com.android.support:print:28.0.0] AndroidManifest.xml:17:1-22:12
MERGED from [com.android.support:interpolator:28.0.0] AndroidManifest.xml:17:1-22:12
MERGED from [com.android.support:cursoradapter:28.0.0] AndroidManifest.xml:17:1-22:12
MERGED from [android.arch.lifecycle:viewmodel:1.1.1] AndroidManifest.xml:17:1-22:12
MERGED from [android.arch.lifecycle:livedata:1.1.1] AndroidManifest.xml:17:1-22:12
MERGED from [android.arch.lifecycle:livedata-core:1.1.1] AndroidManifest.xml:17:1-22:12
MERGED from [android.arch.core:runtime:1.1.1] AndroidManifest.xml:17:1-22:12
INJECTED from src\main\AndroidManifest.xml:2:1-226:12
INJECTED from src\main\AndroidManifest.xml:2:1-226:12
INJECTED from src\main\AndroidManifest.xml:2:1-226:12
	package
		ADDED from src\main\AndroidManifest.xml:3:5-23
		INJECTED from src\main\AndroidManifest.xml
		INJECTED from src\main\AndroidManifest.xml
	android:versionName
		ADDED from src\main\AndroidManifest.xml:6:5-30
		INJECTED from src\main\AndroidManifest.xml
		INJECTED from src\main\AndroidManifest.xml
	xmlns:android
		ADDED from src\main\AndroidManifest.xml:2:11-69
	android:versionCode
		ADDED from src\main\AndroidManifest.xml:5:5-28
		INJECTED from src\main\AndroidManifest.xml
		INJECTED from src\main\AndroidManifest.xml
	android:installLocation
		ADDED from src\main\AndroidManifest.xml:4:5-43
uses-permission#android.permission.SYSTEM_OVERLAY_WINDOW
ADDED from src\main\AndroidManifest.xml:8:5-80
	android:name
		ADDED from src\main\AndroidManifest.xml:8:22-77
uses-permission#android.permission.SYSTEM_ALERT_WINDOW
ADDED from src\main\AndroidManifest.xml:9:5-78
	android:name
		ADDED from src\main\AndroidManifest.xml:9:22-75
uses-permission#android.permission.READ_EXTERNAL_STORAGE
ADDED from src\main\AndroidManifest.xml:11:5-80
	android:name
		ADDED from src\main\AndroidManifest.xml:11:22-77
uses-permission#android.permission.WRITE_EXTERNAL_STORAGE
ADDED from src\main\AndroidManifest.xml:12:5-81
MERGED from [com.tencent.xinge:xinge:3.2.7-Release] AndroidManifest.xml:20:5-81
MERGED from [com.tencent.xinge:xinge:3.2.7-Release] AndroidManifest.xml:20:5-81
	android:name
		ADDED from src\main\AndroidManifest.xml:12:22-78
uses-permission#android.permission.GET_TASKS
ADDED from src\main\AndroidManifest.xml:13:5-68
	android:name
		ADDED from src\main\AndroidManifest.xml:13:22-65
uses-permission#android.permission.RESTART_PACKAGES
ADDED from src\main\AndroidManifest.xml:14:5-75
	android:name
		ADDED from src\main\AndroidManifest.xml:14:22-72
uses-permission#android.permission.READ_CONTACTS
ADDED from src\main\AndroidManifest.xml:15:5-72
	android:name
		ADDED from src\main\AndroidManifest.xml:15:22-69
uses-permission#android.permission.VIBRATE
ADDED from src\main\AndroidManifest.xml:16:5-66
MERGED from [com.tencent.xinge:xinge:3.2.7-Release] AndroidManifest.xml:16:5-66
MERGED from [com.tencent.xinge:xinge:3.2.7-Release] AndroidManifest.xml:16:5-66
	android:name
		ADDED from src\main\AndroidManifest.xml:16:22-63
uses-permission#android.permission.ACCESS_COARSE_LOCATION
ADDED from src\main\AndroidManifest.xml:17:5-81
	android:name
		ADDED from src\main\AndroidManifest.xml:17:22-78
uses-permission#android.permission.ACCESS_FINE_LOCATION
ADDED from src\main\AndroidManifest.xml:18:5-79
	android:name
		ADDED from src\main\AndroidManifest.xml:18:22-76
uses-permission#android.permission.ACCESS_WIFI_STATE
ADDED from src\main\AndroidManifest.xml:19:5-76
MERGED from [com.tencent.xinge:xinge:3.2.7-Release] AndroidManifest.xml:13:5-76
MERGED from [com.tencent.xinge:xinge:3.2.7-Release] AndroidManifest.xml:13:5-76
	android:name
		ADDED from src\main\AndroidManifest.xml:19:22-73
uses-permission#android.permission.ACCESS_NETWORK_STATE
ADDED from src\main\AndroidManifest.xml:20:5-79
MERGED from [com.tencent.xinge:xinge:3.2.7-Release] AndroidManifest.xml:14:5-79
MERGED from [com.tencent.xinge:xinge:3.2.7-Release] AndroidManifest.xml:14:5-79
	android:name
		ADDED from src\main\AndroidManifest.xml:20:22-76
uses-permission#android.permission.CHANGE_WIFI_STATE
ADDED from src\main\AndroidManifest.xml:21:5-76
	android:name
		ADDED from src\main\AndroidManifest.xml:21:22-73
uses-permission#android.permission.READ_PHONE_STATE
ADDED from src\main\AndroidManifest.xml:22:5-75
MERGED from [com.tencent.xinge:xinge:3.2.7-Release] AndroidManifest.xml:12:5-75
MERGED from [com.tencent.xinge:xinge:3.2.7-Release] AndroidManifest.xml:12:5-75
	android:name
		ADDED from src\main\AndroidManifest.xml:22:22-72
uses-permission#android.permission.INTERNET
ADDED from src\main\AndroidManifest.xml:23:5-67
MERGED from [com.tencent.xinge:xinge:3.2.7-Release] AndroidManifest.xml:11:5-67
MERGED from [com.tencent.xinge:xinge:3.2.7-Release] AndroidManifest.xml:11:5-67
	android:name
		ADDED from src\main\AndroidManifest.xml:23:22-64
uses-permission#android.permission.CALL_PHONE
ADDED from src\main\AndroidManifest.xml:24:5-69
	android:name
		ADDED from src\main\AndroidManifest.xml:24:22-66
uses-permission#android.permission.CAMERA
ADDED from src\main\AndroidManifest.xml:25:5-65
	android:name
		ADDED from src\main\AndroidManifest.xml:25:22-62
uses-permission#android.permission.RECEIVE_BOOT_COMPLETED
ADDED from src\main\AndroidManifest.xml:26:5-81
MERGED from [com.tencent.xinge:xinge:3.2.7-Release] AndroidManifest.xml:19:5-81
MERGED from [com.tencent.xinge:xinge:3.2.7-Release] AndroidManifest.xml:19:5-81
	android:name
		ADDED from src\main\AndroidManifest.xml:26:22-78
uses-permission#android.permission.DISABLE_KEYGUARD
ADDED from src\main\AndroidManifest.xml:27:5-75
	android:name
		ADDED from src\main\AndroidManifest.xml:27:22-72
uses-feature#android.hardware.camera
ADDED from src\main\AndroidManifest.xml:29:5-60
	android:name
		ADDED from src\main\AndroidManifest.xml:29:19-57
uses-feature#android.hardware.camera.autofocus
ADDED from src\main\AndroidManifest.xml:30:5-70
	android:name
		ADDED from src\main\AndroidManifest.xml:30:19-67
uses-permission#android.permission.FLASHLIGHT
ADDED from src\main\AndroidManifest.xml:32:5-69
	android:name
		ADDED from src\main\AndroidManifest.xml:32:22-66
uses-permission#android.permission.WAKE_LOCK
ADDED from src\main\AndroidManifest.xml:33:5-68
MERGED from [com.tencent.xinge:xinge:3.2.7-Release] AndroidManifest.xml:15:5-68
MERGED from [com.tencent.xinge:xinge:3.2.7-Release] AndroidManifest.xml:15:5-68
	android:name
		ADDED from src\main\AndroidManifest.xml:33:22-65
uses-permission#com.meizu.flyme.push.permission.RECEIVE
ADDED from src\main\AndroidManifest.xml:37:5-38:23
MERGED from [com.tencent.xinge:xgmz:3.2.8-release] AndroidManifest.xml:11:5-79
MERGED from [com.tencent.xinge:xgmz:3.2.8-release] AndroidManifest.xml:11:5-79
	android:name
		ADDED from src\main\AndroidManifest.xml:37:22-76
permission#com.kdg7.push.permission.MESSAGE
ADDED from src\main\AndroidManifest.xml:40:5-42:47
MERGED from [com.tencent.xinge:xgmz:3.2.8-release] AndroidManifest.xml:13:5-15:47
	android:protectionLevel
		ADDED from src\main\AndroidManifest.xml:42:9-44
	android:name
		ADDED from src\main\AndroidManifest.xml:41:9-56
uses-permission#com.kdg7.push.permission.MESSAGE
ADDED from src\main\AndroidManifest.xml:44:5-45:23
MERGED from [com.tencent.xinge:xgmz:3.2.8-release] AndroidManifest.xml:17:5-80
	android:name
		ADDED from src\main\AndroidManifest.xml:44:22-69
uses-permission#com.meizu.c2dm.permission.RECEIVE
ADDED from src\main\AndroidManifest.xml:47:5-73
MERGED from [com.tencent.xinge:xgmz:3.2.8-release] AndroidManifest.xml:20:5-73
MERGED from [com.tencent.xinge:xgmz:3.2.8-release] AndroidManifest.xml:20:5-73
	android:name
		ADDED from src\main\AndroidManifest.xml:47:22-70
permission#com.kdg7.permission.C2D_MESSAGE
ADDED from src\main\AndroidManifest.xml:49:5-52:18
MERGED from [com.tencent.xinge:xgmz:3.2.8-release] AndroidManifest.xml:22:5-24:47
	android:protectionLevel
		ADDED from src\main\AndroidManifest.xml:51:9-44
	android:name
		ADDED from src\main\AndroidManifest.xml:50:9-55
uses-permission#com.kdg7.permission.C2D_MESSAGE
ADDED from src\main\AndroidManifest.xml:54:5-71
MERGED from [com.tencent.xinge:xgmz:3.2.8-release] AndroidManifest.xml:26:5-79
	android:name
		ADDED from src\main\AndroidManifest.xml:54:22-68
permission#com.kdg7.permission.MIPUSH_RECEIVE
ADDED from src\main\AndroidManifest.xml:57:5-59:47
MERGED from [com.tencent.xinge:mipush:3.2.8-release] AndroidManifest.xml:10:5-12:47
	android:protectionLevel
		ADDED from src\main\AndroidManifest.xml:59:9-44
	android:name
		ADDED from src\main\AndroidManifest.xml:58:9-58
uses-permission#com.kdg7.permission.MIPUSH_RECEIVE
ADDED from src\main\AndroidManifest.xml:61:5-74
MERGED from [com.tencent.xinge:mipush:3.2.8-release] AndroidManifest.xml:14:5-81
	android:name
		ADDED from src\main\AndroidManifest.xml:61:22-71
application
ADDED from src\main\AndroidManifest.xml:63:5-224:19
MERGED from [com.tencent.xinge:xinge:3.2.7-Release] AndroidManifest.xml:29:5-108:19
MERGED from [com.tencent.xinge:xinge:3.2.7-Release] AndroidManifest.xml:29:5-108:19
MERGED from [com.tencent.wup:wup:1.0.0.E-release] AndroidManifest.xml:11:5-15:19
MERGED from [com.tencent.wup:wup:1.0.0.E-release] AndroidManifest.xml:11:5-15:19
MERGED from [com.tencent.mid:mid:4.0.6-release] AndroidManifest.xml:11:5-17:19
MERGED from [com.tencent.mid:mid:4.0.6-release] AndroidManifest.xml:11:5-17:19
MERGED from [com.tencent.xinge:xghw:3.2.8-Release] AndroidManifest.xml:11:5-56:19
MERGED from [com.tencent.xinge:xghw:3.2.8-Release] AndroidManifest.xml:11:5-56:19
MERGED from [com.tencent.xinge:mipush:3.2.8-release] AndroidManifest.xml:16:5-68:19
MERGED from [com.tencent.xinge:mipush:3.2.8-release] AndroidManifest.xml:16:5-68:19
MERGED from [com.tencent.xinge:xgmz:3.2.8-release] AndroidManifest.xml:28:5-61:19
MERGED from [com.tencent.xinge:xgmz:3.2.8-release] AndroidManifest.xml:28:5-61:19
MERGED from [com.android.support:support-compat:28.0.0] AndroidManifest.xml:22:5-94
MERGED from [com.android.support:support-compat:28.0.0] AndroidManifest.xml:22:5-94
MERGED from [com.android.support:versionedparcelable:28.0.0] AndroidManifest.xml:22:5-23:19
MERGED from [com.android.support:versionedparcelable:28.0.0] AndroidManifest.xml:22:5-23:19
	android:appComponentFactory
		ADDED from [com.android.support:support-compat:28.0.0] AndroidManifest.xml:22:18-91
	android:supportsRtl
		ADDED from [com.tencent.wup:wup:1.0.0.E-release] AndroidManifest.xml:14:9-35
	android:label
		ADDED from src\main\AndroidManifest.xml:65:9-41
	android:allowBackup
		ADDED from [com.tencent.wup:wup:1.0.0.E-release] AndroidManifest.xml:12:9-35
	android:persistent
		ADDED from src\main\AndroidManifest.xml:66:9-34
	android:icon
		ADDED from src\main\AndroidManifest.xml:64:9-38
	android:theme
		ADDED from src\main\AndroidManifest.xml:67:9-40
meta-data#com.baidu.lbsapi.API_KEY
ADDED from src\main\AndroidManifest.xml:68:9-70:64
	android:value
		ADDED from src\main\AndroidManifest.xml:70:13-61
	android:name
		ADDED from src\main\AndroidManifest.xml:69:13-52
activity#com.kdg7.activity.load.LoadingActivity
ADDED from src\main\AndroidManifest.xml:72:9-82:20
	android:screenOrientation
		ADDED from src\main\AndroidManifest.xml:76:13-49
	android:label
		ADDED from src\main\AndroidManifest.xml:75:13-45
	android:icon
		ADDED from src\main\AndroidManifest.xml:74:13-42
	android:name
		ADDED from src\main\AndroidManifest.xml:73:13-66
intent-filter#action:name:android.intent.action.MAIN+category:name:android.intent.category.LAUNCHER
ADDED from src\main\AndroidManifest.xml:77:13-81:29
action#android.intent.action.MAIN
ADDED from src\main\AndroidManifest.xml:78:17-69
	android:name
		ADDED from src\main\AndroidManifest.xml:78:25-66
category#android.intent.category.LAUNCHER
ADDED from src\main\AndroidManifest.xml:80:17-77
	android:name
		ADDED from src\main\AndroidManifest.xml:80:27-74
activity#com.kdg7.activity.util.DataFilterActivity
ADDED from src\main\AndroidManifest.xml:85:9-87:52
	android:screenOrientation
		ADDED from src\main\AndroidManifest.xml:87:13-49
	android:name
		ADDED from src\main\AndroidManifest.xml:86:13-69
activity#com.kdg7.activity.util.ImgPz
ADDED from src\main\AndroidManifest.xml:88:9-90:52
	android:screenOrientation
		ADDED from src\main\AndroidManifest.xml:90:13-49
	android:name
		ADDED from src\main\AndroidManifest.xml:89:13-56
activity#com.kdg7.activity.util.ImgChoose
ADDED from src\main\AndroidManifest.xml:91:9-93:52
	android:screenOrientation
		ADDED from src\main\AndroidManifest.xml:93:13-49
	android:name
		ADDED from src\main\AndroidManifest.xml:92:13-60
activity#com.kdg7.activity.util.ImagePagerActivity
ADDED from src\main\AndroidManifest.xml:94:9-96:52
	android:screenOrientation
		ADDED from src\main\AndroidManifest.xml:96:13-49
	android:name
		ADDED from src\main\AndroidManifest.xml:95:13-69
activity#com.kdg7.activity.util.ImgChoosePage
ADDED from src\main\AndroidManifest.xml:97:9-99:52
	android:screenOrientation
		ADDED from src\main\AndroidManifest.xml:99:13-49
	android:name
		ADDED from src\main\AndroidManifest.xml:98:13-64
activity#com.kdg7.activity.util.AddPartsAdd
ADDED from src\main\AndroidManifest.xml:100:9-102:52
	android:screenOrientation
		ADDED from src\main\AndroidManifest.xml:102:13-49
	android:name
		ADDED from src\main\AndroidManifest.xml:101:13-62
activity#com.kdg7.activity.util.AddParts
ADDED from src\main\AndroidManifest.xml:103:9-106:52
	android:screenOrientation
		ADDED from src\main\AndroidManifest.xml:106:13-49
	android:configChanges
		ADDED from src\main\AndroidManifest.xml:105:13-63
	android:name
		ADDED from src\main\AndroidManifest.xml:104:13-59
activity#com.kdg7.activity.util.BaiduMapActivity
ADDED from src\main\AndroidManifest.xml:107:9-110:52
	android:screenOrientation
		ADDED from src\main\AndroidManifest.xml:110:13-49
	android:configChanges
		ADDED from src\main\AndroidManifest.xml:109:13-63
	android:name
		ADDED from src\main\AndroidManifest.xml:108:13-67
activity#com.kdg7.activity.util.ChooseActivity
ADDED from src\main\AndroidManifest.xml:111:9-115:20
	android:screenOrientation
		ADDED from src\main\AndroidManifest.xml:114:13-49
	android:configChanges
		ADDED from src\main\AndroidManifest.xml:113:13-63
	android:name
		ADDED from src\main\AndroidManifest.xml:112:13-65
activity#com.kdg7.activity.util.CallTel
ADDED from src\main\AndroidManifest.xml:116:9-120:20
	android:screenOrientation
		ADDED from src\main\AndroidManifest.xml:119:13-49
	android:configChanges
		ADDED from src\main\AndroidManifest.xml:118:13-63
	android:name
		ADDED from src\main\AndroidManifest.xml:117:13-58
activity#com.kdg7.activity.login.LoginActivity
ADDED from src\main\AndroidManifest.xml:123:9-126:52
	android:screenOrientation
		ADDED from src\main\AndroidManifest.xml:126:13-49
	android:launchMode
		ADDED from src\main\AndroidManifest.xml:125:13-44
	android:name
		ADDED from src\main\AndroidManifest.xml:124:13-65
activity#com.kdg7.activity.w.ChangePasswordActivity
ADDED from src\main\AndroidManifest.xml:129:9-132:52
	android:screenOrientation
		ADDED from src\main\AndroidManifest.xml:132:13-49
	android:launchMode
		ADDED from src\main\AndroidManifest.xml:131:13-44
	android:name
		ADDED from src\main\AndroidManifest.xml:130:13-70
activity#com.kdg7.activity.w.SetParams
ADDED from src\main\AndroidManifest.xml:133:9-137:20
	android:screenOrientation
		ADDED from src\main\AndroidManifest.xml:136:13-49
	android:configChanges
		ADDED from src\main\AndroidManifest.xml:135:13-63
	android:name
		ADDED from src\main\AndroidManifest.xml:134:13-57
activity#com.kdg7.activity.register.RegisterActivity
ADDED from src\main\AndroidManifest.xml:140:9-143:52
	android:screenOrientation
		ADDED from src\main\AndroidManifest.xml:143:13-49
	android:configChanges
		ADDED from src\main\AndroidManifest.xml:142:13-63
	android:name
		ADDED from src\main\AndroidManifest.xml:141:13-71
activity#com.kdg7.activity.register.RegisterCompleteActivity
ADDED from src\main\AndroidManifest.xml:144:9-147:52
	android:screenOrientation
		ADDED from src\main\AndroidManifest.xml:147:13-49
	android:configChanges
		ADDED from src\main\AndroidManifest.xml:146:13-63
	android:name
		ADDED from src\main\AndroidManifest.xml:145:13-79
activity#com.kdg7.activity.main.MainActivity
ADDED from src\main\AndroidManifest.xml:150:9-154:20
	android:screenOrientation
		ADDED from src\main\AndroidManifest.xml:153:13-49
	android:configChanges
		ADDED from src\main\AndroidManifest.xml:152:13-63
	android:name
		ADDED from src\main\AndroidManifest.xml:151:13-63
activity#com.kdg7.activity.kdg.ListKdg
ADDED from src\main\AndroidManifest.xml:157:9-161:20
	android:screenOrientation
		ADDED from src\main\AndroidManifest.xml:160:13-49
	android:configChanges
		ADDED from src\main\AndroidManifest.xml:159:13-63
	android:name
		ADDED from src\main\AndroidManifest.xml:158:13-57
activity#com.kdg7.activity.kdg.JdxyKdg
ADDED from src\main\AndroidManifest.xml:162:9-166:20
	android:screenOrientation
		ADDED from src\main\AndroidManifest.xml:165:13-49
	android:configChanges
		ADDED from src\main\AndroidManifest.xml:164:13-63
	android:name
		ADDED from src\main\AndroidManifest.xml:163:13-57
activity#com.kdg7.activity.kdg.SmdwKdg
ADDED from src\main\AndroidManifest.xml:167:9-171:20
	android:screenOrientation
		ADDED from src\main\AndroidManifest.xml:170:13-49
	android:configChanges
		ADDED from src\main\AndroidManifest.xml:169:13-63
	android:name
		ADDED from src\main\AndroidManifest.xml:168:13-57
activity#com.kdg7.activity.kdg.FwbgKdg
ADDED from src\main\AndroidManifest.xml:172:9-176:20
	android:screenOrientation
		ADDED from src\main\AndroidManifest.xml:175:13-49
	android:configChanges
		ADDED from src\main\AndroidManifest.xml:174:13-63
	android:name
		ADDED from src\main\AndroidManifest.xml:173:13-57
activity#com.kdg7.activity.kdg.MyqdKdg
ADDED from src\main\AndroidManifest.xml:177:9-181:20
	android:screenOrientation
		ADDED from src\main\AndroidManifest.xml:180:13-49
	android:configChanges
		ADDED from src\main\AndroidManifest.xml:179:13-63
	android:name
		ADDED from src\main\AndroidManifest.xml:178:13-57
activity#com.kdg7.zxing.CaptureActivity
ADDED from src\main\AndroidManifest.xml:184:9-190:20
	android:screenOrientation
		ADDED from src\main\AndroidManifest.xml:187:13-50
	android:windowSoftInputMode
		ADDED from src\main\AndroidManifest.xml:189:13-60
	android:configChanges
		ADDED from src\main\AndroidManifest.xml:186:13-63
	android:theme
		ADDED from src\main\AndroidManifest.xml:188:13-71
	android:name
		ADDED from src\main\AndroidManifest.xml:185:13-58
activity#com.kdg7.activity.notify.QpActivity
ADDED from src\main\AndroidManifest.xml:193:9-197:20
	android:screenOrientation
		ADDED from src\main\AndroidManifest.xml:196:13-49
	android:configChanges
		ADDED from src\main\AndroidManifest.xml:195:13-63
	android:name
		ADDED from src\main\AndroidManifest.xml:194:13-63
service#com.baidu.location.f
ADDED from src\main\AndroidManifest.xml:199:9-203:19
	android:process
		ADDED from src\main\AndroidManifest.xml:202:13-38
	android:enabled
		ADDED from src\main\AndroidManifest.xml:201:13-35
	android:name
		ADDED from src\main\AndroidManifest.xml:200:13-48
meta-data#com.tencent.rdm.uuid
ADDED from src\main\AndroidManifest.xml:206:9-208:64
	android:value
		ADDED from src\main\AndroidManifest.xml:208:13-61
	android:name
		ADDED from src\main\AndroidManifest.xml:207:13-48
receiver#com.kdg7.receiver.MessageReceiver
ADDED from src\main\AndroidManifest.xml:212:9-222:20
	android:exported
		ADDED from src\main\AndroidManifest.xml:214:13-36
	android:name
		ADDED from src\main\AndroidManifest.xml:213:13-61
intent-filter#action:name:com.tencent.android.tpush.action.FEEDBACK+action:name:com.tencent.android.tpush.action.PUSH_MESSAGE
ADDED from src\main\AndroidManifest.xml:215:13-221:29
action#com.tencent.android.tpush.action.PUSH_MESSAGE
ADDED from src\main\AndroidManifest.xml:218:17-88
	android:name
		ADDED from src\main\AndroidManifest.xml:218:25-85
action#com.tencent.android.tpush.action.FEEDBACK
ADDED from src\main\AndroidManifest.xml:220:17-84
	android:name
		ADDED from src\main\AndroidManifest.xml:220:25-81
uses-sdk
INJECTED from src\main\AndroidManifest.xml reason: use-sdk injection requested
INJECTED from src\main\AndroidManifest.xml
INJECTED from src\main\AndroidManifest.xml
MERGED from [com.android.support:support-v4:28.0.0] AndroidManifest.xml:20:5-44
MERGED from [com.android.support:support-v4:28.0.0] AndroidManifest.xml:20:5-44
MERGED from [com.tencent.xinge:xinge:3.2.7-Release] AndroidManifest.xml:7:5-9:41
MERGED from [com.tencent.xinge:xinge:3.2.7-Release] AndroidManifest.xml:7:5-9:41
MERGED from [com.tencent.jg:jg:1.1] AndroidManifest.xml:7:5-9:41
MERGED from [com.tencent.jg:jg:1.1] AndroidManifest.xml:7:5-9:41
MERGED from [com.tencent.wup:wup:1.0.0.E-release] AndroidManifest.xml:7:5-9:41
MERGED from [com.tencent.wup:wup:1.0.0.E-release] AndroidManifest.xml:7:5-9:41
MERGED from [com.tencent.mid:mid:4.0.6-release] AndroidManifest.xml:7:5-9:41
MERGED from [com.tencent.mid:mid:4.0.6-release] AndroidManifest.xml:7:5-9:41
MERGED from [com.tencent.xinge:xghw:3.2.8-Release] AndroidManifest.xml:7:5-9:41
MERGED from [com.tencent.xinge:xghw:3.2.8-Release] AndroidManifest.xml:7:5-9:41
MERGED from [com.tencent.xinge:mipush:3.2.8-release] AndroidManifest.xml:6:5-8:41
MERGED from [com.tencent.xinge:mipush:3.2.8-release] AndroidManifest.xml:6:5-8:41
MERGED from [com.tencent.xinge:xgmz:3.2.8-release] AndroidManifest.xml:6:5-8:41
MERGED from [com.tencent.xinge:xgmz:3.2.8-release] AndroidManifest.xml:6:5-8:41
MERGED from [com.android.support:support-media-compat:28.0.0] AndroidManifest.xml:20:5-44
MERGED from [com.android.support:support-media-compat:28.0.0] AndroidManifest.xml:20:5-44
MERGED from [com.android.support:support-fragment:28.0.0] AndroidManifest.xml:20:5-44
MERGED from [com.android.support:support-fragment:28.0.0] AndroidManifest.xml:20:5-44
MERGED from [com.android.support:support-core-ui:28.0.0] AndroidManifest.xml:20:5-44
MERGED from [com.android.support:support-core-ui:28.0.0] AndroidManifest.xml:20:5-44
MERGED from [com.android.support:support-core-utils:28.0.0] AndroidManifest.xml:20:5-44
MERGED from [com.android.support:support-core-utils:28.0.0] AndroidManifest.xml:20:5-44
MERGED from [com.android.support:loader:28.0.0] AndroidManifest.xml:20:5-44
MERGED from [com.android.support:loader:28.0.0] AndroidManifest.xml:20:5-44
MERGED from [com.android.support:viewpager:28.0.0] AndroidManifest.xml:20:5-44
MERGED from [com.android.support:viewpager:28.0.0] AndroidManifest.xml:20:5-44
MERGED from [com.android.support:coordinatorlayout:28.0.0] AndroidManifest.xml:20:5-44
MERGED from [com.android.support:coordinatorlayout:28.0.0] AndroidManifest.xml:20:5-44
MERGED from [com.android.support:drawerlayout:28.0.0] AndroidManifest.xml:20:5-44
MERGED from [com.android.support:drawerlayout:28.0.0] AndroidManifest.xml:20:5-44
MERGED from [com.android.support:slidingpanelayout:28.0.0] AndroidManifest.xml:20:5-44
MERGED from [com.android.support:slidingpanelayout:28.0.0] AndroidManifest.xml:20:5-44
MERGED from [com.android.support:customview:28.0.0] AndroidManifest.xml:20:5-44
MERGED from [com.android.support:customview:28.0.0] AndroidManifest.xml:20:5-44
MERGED from [com.android.support:swiperefreshlayout:28.0.0] AndroidManifest.xml:20:5-44
MERGED from [com.android.support:swiperefreshlayout:28.0.0] AndroidManifest.xml:20:5-44
MERGED from [com.android.support:asynclayoutinflater:28.0.0] AndroidManifest.xml:20:5-44
MERGED from [com.android.support:asynclayoutinflater:28.0.0] AndroidManifest.xml:20:5-44
MERGED from [com.android.support:support-compat:28.0.0] AndroidManifest.xml:20:5-44
MERGED from [com.android.support:support-compat:28.0.0] AndroidManifest.xml:20:5-44
MERGED from [com.android.support:versionedparcelable:28.0.0] AndroidManifest.xml:20:5-44
MERGED from [com.android.support:versionedparcelable:28.0.0] AndroidManifest.xml:20:5-44
MERGED from [android.arch.lifecycle:runtime:1.1.1] AndroidManifest.xml:20:5-44
MERGED from [android.arch.lifecycle:runtime:1.1.1] AndroidManifest.xml:20:5-44
MERGED from [com.android.support:documentfile:28.0.0] AndroidManifest.xml:20:5-44
MERGED from [com.android.support:documentfile:28.0.0] AndroidManifest.xml:20:5-44
MERGED from [com.android.support:localbroadcastmanager:28.0.0] AndroidManifest.xml:20:5-44
MERGED from [com.android.support:localbroadcastmanager:28.0.0] AndroidManifest.xml:20:5-44
MERGED from [com.android.support:print:28.0.0] AndroidManifest.xml:20:5-44
MERGED from [com.android.support:print:28.0.0] AndroidManifest.xml:20:5-44
MERGED from [com.android.support:interpolator:28.0.0] AndroidManifest.xml:20:5-44
MERGED from [com.android.support:interpolator:28.0.0] AndroidManifest.xml:20:5-44
MERGED from [com.android.support:cursoradapter:28.0.0] AndroidManifest.xml:20:5-44
MERGED from [com.android.support:cursoradapter:28.0.0] AndroidManifest.xml:20:5-44
MERGED from [android.arch.lifecycle:viewmodel:1.1.1] AndroidManifest.xml:20:5-44
MERGED from [android.arch.lifecycle:viewmodel:1.1.1] AndroidManifest.xml:20:5-44
MERGED from [android.arch.lifecycle:livedata:1.1.1] AndroidManifest.xml:20:5-44
MERGED from [android.arch.lifecycle:livedata:1.1.1] AndroidManifest.xml:20:5-44
MERGED from [android.arch.lifecycle:livedata-core:1.1.1] AndroidManifest.xml:20:5-44
MERGED from [android.arch.lifecycle:livedata-core:1.1.1] AndroidManifest.xml:20:5-44
MERGED from [android.arch.core:runtime:1.1.1] AndroidManifest.xml:20:5-44
MERGED from [android.arch.core:runtime:1.1.1] AndroidManifest.xml:20:5-44
INJECTED from src\main\AndroidManifest.xml
INJECTED from src\main\AndroidManifest.xml
	android:targetSdkVersion
		INJECTED from src\main\AndroidManifest.xml
		ADDED from src\main\AndroidManifest.xml
		INJECTED from src\main\AndroidManifest.xml
	android:minSdkVersion
		INJECTED from src\main\AndroidManifest.xml
		ADDED from src\main\AndroidManifest.xml
		INJECTED from src\main\AndroidManifest.xml
uses-permission#android.permission.RECEIVE_USER_PRESENT
ADDED from [com.tencent.xinge:xinge:3.2.7-Release] AndroidManifest.xml:18:5-79
	android:name
		ADDED from [com.tencent.xinge:xinge:3.2.7-Release] AndroidManifest.xml:18:22-76
uses-permission#android.permission.BROADCAST_STICKY
ADDED from [com.tencent.xinge:xinge:3.2.7-Release] AndroidManifest.xml:23:5-75
	android:name
		ADDED from [com.tencent.xinge:xinge:3.2.7-Release] AndroidManifest.xml:23:22-72
uses-permission#android.permission.KILL_BACKGROUND_PROCESSES
ADDED from [com.tencent.xinge:xinge:3.2.7-Release] AndroidManifest.xml:24:5-84
	android:name
		ADDED from [com.tencent.xinge:xinge:3.2.7-Release] AndroidManifest.xml:24:22-81
uses-permission#android.permission.READ_LOGS
ADDED from [com.tencent.xinge:xinge:3.2.7-Release] AndroidManifest.xml:25:5-68
	android:name
		ADDED from [com.tencent.xinge:xinge:3.2.7-Release] AndroidManifest.xml:25:22-65
uses-permission#android.permission.BLUETOOTH
ADDED from [com.tencent.xinge:xinge:3.2.7-Release] AndroidManifest.xml:26:5-68
	android:name
		ADDED from [com.tencent.xinge:xinge:3.2.7-Release] AndroidManifest.xml:26:22-65
uses-permission#android.permission.BATTERY_STATS
ADDED from [com.tencent.xinge:xinge:3.2.7-Release] AndroidManifest.xml:27:5-72
	android:name
		ADDED from [com.tencent.xinge:xinge:3.2.7-Release] AndroidManifest.xml:27:22-69
activity#com.tencent.android.tpush.XGPushActivity
ADDED from [com.tencent.xinge:xinge:3.2.7-Release] AndroidManifest.xml:32:9-41:20
	android:exported
		ADDED from [com.tencent.xinge:xinge:3.2.7-Release] AndroidManifest.xml:34:13-37
	android:theme
		ADDED from [com.tencent.xinge:xinge:3.2.7-Release] AndroidManifest.xml:35:13-61
	android:name
		ADDED from [com.tencent.xinge:xinge:3.2.7-Release] AndroidManifest.xml:33:13-68